# JRE version: OpenJDK Runtime Environment (7.0_65-b32) (build 1.7.0_65-b32)
# Java VM: OpenJDK 64-Bit Server VM (24.65-b04 mixed mode linux-amd64 compressed oops)
Heap
 def new generation   total 10304K, used 9995K [0x00000000cc000000, 0x00000000ccb20000, 0x00000000d9e00000)
  eden space 9216K, 100% used [0x00000000cc000000, 0x00000000cc900000, 0x00000000cc900000)
  from space 1088K,  71% used [0x00000000cc900000, 0x00000000cc9c2e30, 0x00000000cca10000)
  to   space 1088K,  70% used [0x00000000cca10000, 0x00000000ccacee90, 0x00000000ccb20000)
 tenured generation   total 22632K, used 22631K [0x00000000d9e00000, 0x00000000db41a000, 0x00000000f5a00000)
   the space 22632K,  99% used [0x00000000d9e00000, 0x00000000db419ff8, 0x00000000db41a000, 0x00000000db41a000)
 compacting perm gen  total 28160K, used 28064K [0x00000000f5a00000, 0x00000000f7580000, 0x0000000100000000)
   the space 28160K,  99% used [0x00000000f5a00000, 0x00000000f75683f0, 0x00000000f7568400, 0x00000000f7580000)
GC Heap History (10 events):
Event: 61929.499 GC heap after
Heap after GC invocations=1246 (full 37):
 def new generation   total 10304K, used 756K [0x00000000cc000000, 0x00000000ccb20000, 0x00000000d9e00000)
  eden space 9216K,   0% used [0x00000000cc000000, 0x00000000cc000000, 0x00000000cc900000)
  from space 1088K,  69% used [0x00000000cc900000, 0x00000000cc9bd3b0, 0x00000000cca10000)
  to   space 1088K,   0% used [0x00000000cca10000, 0x00000000cca10000, 0x00000000ccb20000)
 tenured generation   total 22632K, used 20865K [0x00000000d9e00000, 0x00000000db41a000, 0x00000000f5a00000)
   the space 22632K,  92% used [0x00000000d9e00000, 0x00000000db260668, 0x00000000db260800, 0x00000000db41a000)
 compacting perm gen  total 28160K, used 28064K [0x00000000f5a00000, 0x00000000f7580000, 0x0000000100000000)
   the space 28160K,  99% used [0x00000000f5a00000, 0x00000000f75683f0, 0x00000000f7568400, 0x00000000f7580000)
No shared spaces configured.
}
Event: 61982.667 GC heap before
{Heap before GC invocations=1246 (full 37):
 def new generation   total 10304K, used 9972K [0x00000000cc000000, 0x00000000ccb20000, 0x00000000d9e00000)
  eden space 9216K, 100% used [0x00000000cc000000, 0x00000000cc900000, 0x00000000cc900000)
  from space 1088K,  69% used [0x00000000cc900000, 0x00000000cc9bd3b0, 0x00000000cca10000)
  to   space 1088K,   0% used [0x00000000cca10000, 0x00000000cca10000, 0x00000000ccb20000)
 tenured generation   total 22632K, used 20865K [0x00000000d9e00000, 0x00000000db41a000, 0x00000000f5a00000)
   the space 22632K,  92% used [0x00000000d9e00000, 0x00000000db260668, 0x00000000db260800, 0x00000000db41a000)
 compacting perm gen  total 28160K, used 28064K [0x00000000f5a00000, 0x00000000f7580000, 0x0000000100000000)
   the space 28160K,  99% used [0x00000000f5a00000, 0x00000000f75683f0, 0x00000000f7568400, 0x00000000f7580000)
No shared spaces configured.
Event: 61982.672 GC heap after
Heap after GC invocations=1247 (full 37):
 def new generation   total 10304K, used 766K [0x00000000cc000000, 0x00000000ccb20000, 0x00000000d9e00000)
  eden space 9216K,   0% used [0x00000000cc000000, 0x00000000cc000000, 0x00000000cc900000)
  from space 1088K,  70% used [0x00000000cca10000, 0x00000000ccacf940, 0x00000000ccb20000)
  to   space 1088K,   0% used [0x00000000cc900000, 0x00000000cc900000, 0x00000000cca10000)
 tenured generation   total 22632K, used 21213K [0x00000000d9e00000, 0x00000000db41a000, 0x00000000f5a00000)
   the space 22632K,  93% used [0x00000000d9e00000, 0x00000000db2b7740, 0x00000000db2b7800, 0x00000000db41a000)
 compacting perm gen  total 28160K, used 28064K [0x00000000f5a00000, 0x00000000f7580000, 0x0000000100000000)
   the space 28160K,  99% used [0x00000000f5a00000, 0x00000000f75683f0, 0x00000000f7568400, 0x00000000f7580000)
No shared spaces configured.
}
Event: 62035.910 GC heap before
{Heap before GC invocations=1247 (full 37):
 def new generation   total 10304K, used 9982K [0x00000000cc000000, 0x00000000ccb20000, 0x00000000d9e00000)
  eden space 9216K, 100% used [0x00000000cc000000, 0x00000000cc900000, 0x00000000cc900000)
  from space 1088K,  70% used [0x00000000cca10000, 0x00000000ccacf940, 0x00000000ccb20000)
  to   space 1088K,   0% used [0x00000000cc900000, 0x00000000cc900000, 0x00000000cca10000)
 tenured generation   total 22632K, used 21213K [0x00000000d9e00000, 0x00000000db41a000, 0x00000000f5a00000)
   the space 22632K,  93% used [0x00000000d9e00000, 0x00000000db2b7740, 0x00000000db2b7800, 0x00000000db41a000)
 compacting perm gen  total 28160K, used 28064K [0x00000000f5a00000, 0x00000000f7580000, 0x0000000100000000)
   the space 28160K,  99% used [0x00000000f5a00000, 0x00000000f75683f0, 0x00000000f7568400, 0x00000000f7580000)
No shared spaces configured.
Event: 62035.915 GC heap after
Heap after GC invocations=1248 (full 37):
 def new generation   total 10304K, used 768K [0x00000000cc000000, 0x00000000ccb20000, 0x00000000d9e00000)
  eden space 9216K,   0% used [0x00000000cc000000, 0x00000000cc000000, 0x00000000cc900000)
  from space 1088K,  70% used [0x00000000cc900000, 0x00000000cc9c0010, 0x00000000cca10000)
  to   space 1088K,   0% used [0x00000000cca10000, 0x00000000cca10000, 0x00000000ccb20000)
 tenured generation   total 22632K, used 21569K [0x00000000d9e00000, 0x00000000db41a000, 0x00000000f5a00000)
   the space 22632K,  95% used [0x00000000d9e00000, 0x00000000db310770, 0x00000000db310800, 0x00000000db41a000)
 compacting perm gen  total 28160K, used 28064K [0x00000000f5a00000, 0x00000000f7580000, 0x0000000100000000)
   the space 28160K,  99% used [0x00000000f5a00000, 0x00000000f75683f0, 0x00000000f7568400, 0x00000000f7580000)
No shared spaces configured.
}
Event: 62089.470 GC heap before
{Heap before GC invocations=1248 (full 37):
 def new generation   total 10304K, used 9984K [0x00000000cc000000, 0x00000000ccb20000, 0x00000000d9e00000)
  eden space 9216K, 100% used [0x00000000cc000000, 0x00000000cc900000, 0x00000000cc900000)
  from space 1088K,  70% used [0x00000000cc900000, 0x00000000cc9c0010, 0x00000000cca10000)
  to   space 1088K,   0% used [0x00000000cca10000, 0x00000000cca10000, 0x00000000ccb20000)
 tenured generation   total 22632K, used 21569K [0x00000000d9e00000, 0x00000000db41a000, 0x00000000f5a00000)
   the space 22632K,  95% used [0x00000000d9e00000, 0x00000000db310770, 0x00000000db310800, 0x00000000db41a000)
 compacting perm gen  total 28160K, used 28064K [0x00000000f5a00000, 0x00000000f7580000, 0x0000000100000000)
   the space 28160K,  99% used [0x00000000f5a00000, 0x00000000f75683f0, 0x00000000f7568400, 0x00000000f7580000)
No shared spaces configured.
Event: 62089.475 GC heap after
Heap after GC invocations=1249 (full 37):
 def new generation   total 10304K, used 771K [0x00000000cc000000, 0x00000000ccb20000, 0x00000000d9e00000)
  eden space 9216K,   0% used [0x00000000cc000000, 0x00000000cc000000, 0x00000000cc900000)
  from space 1088K,  70% used [0x00000000cca10000, 0x00000000ccad0e90, 0x00000000ccb20000)
  to   space 1088K,   0% used [0x00000000cc900000, 0x00000000cc900000, 0x00000000cca10000)
 tenured generation   total 22632K, used 21927K [0x00000000d9e00000, 0x00000000db41a000, 0x00000000f5a00000)
   the space 22632K,  96% used [0x00000000d9e00000, 0x00000000db369c28, 0x00000000db369e00, 0x00000000db41a000)
 compacting perm gen  total 28160K, used 28064K [0x00000000f5a00000, 0x00000000f7580000, 0x0000000100000000)
   the space 28160K,  99% used [0x00000000f5a00000, 0x00000000f75683f0, 0x00000000f7568400, 0x00000000f7580000)
No shared spaces configured.
}
Event: 62143.038 GC heap before
{Heap before GC invocations=1249 (full 37):
 def new generation   total 10304K, used 9987K [0x00000000cc000000, 0x00000000ccb20000, 0x00000000d9e00000)
  eden space 9216K, 100% used [0x00000000cc000000, 0x00000000cc900000, 0x00000000cc900000)
  from space 1088K,  70% used [0x00000000cca10000, 0x00000000ccad0e90, 0x00000000ccb20000)
  to   space 1088K,   0% used [0x00000000cc900000, 0x00000000cc900000, 0x00000000cca10000)
 tenured generation   total 22632K, used 21927K [0x00000000d9e00000, 0x00000000db41a000, 0x00000000f5a00000)
   the space 22632K,  96% used [0x00000000d9e00000, 0x00000000db369c28, 0x00000000db369e00, 0x00000000db41a000)
 compacting perm gen  total 28160K, used 28064K [0x00000000f5a00000, 0x00000000f7580000, 0x0000000100000000)
   the space 28160K,  99% used [0x00000000f5a00000, 0x00000000f75683f0, 0x00000000f7568400, 0x00000000f7580000)
No shared spaces configured.
Event: 62143.043 GC heap after
Heap after GC invocations=1250 (full 37):
 def new generation   total 10304K, used 779K [0x00000000cc000000, 0x00000000ccb20000, 0x00000000d9e00000)
  eden space 9216K,   0% used [0x00000000cc000000, 0x00000000cc000000, 0x00000000cc900000)
  from space 1088K,  71% used [0x00000000cc900000, 0x00000000cc9c2e30, 0x00000000cca10000)
  to   space 1088K,   0% used [0x00000000cca10000, 0x00000000cca10000, 0x00000000ccb20000)
 tenured generation   total 22632K, used 22284K [0x00000000d9e00000, 0x00000000db41a000, 0x00000000f5a00000)
   the space 22632K,  98% used [0x00000000d9e00000, 0x00000000db3c3368, 0x00000000db3c3400, 0x00000000db41a000)
 compacting perm gen  total 28160K, used 28064K [0x00000000f5a00000, 0x00000000f7580000, 0x0000000100000000)
   the space 28160K,  99% used [0x00000000f5a00000, 0x00000000f75683f0, 0x00000000f7568400, 0x00000000f7580000)
No shared spaces configured.
}
Event: 62196.533 GC heap before
{Heap before GC invocations=1250 (full 37):
 def new generation   total 10304K, used 9995K [0x00000000cc000000, 0x00000000ccb20000, 0x00000000d9e00000)
  eden space 9216K, 100% used [0x00000000cc000000, 0x00000000cc900000, 0x00000000cc900000)
  from space 1088K,  71% used [0x00000000cc900000, 0x00000000cc9c2e30, 0x00000000cca10000)
  to   space 1088K,   0% used [0x00000000cca10000, 0x00000000cca10000, 0x00000000ccb20000)
 tenured generation   total 22632K, used 22284K [0x00000000d9e00000, 0x00000000db41a000, 0x00000000f5a00000)
   the space 22632K,  98% used [0x00000000d9e00000, 0x00000000db3c3368, 0x00000000db3c3400, 0x00000000db41a000)
 compacting perm gen  total 28160K, used 28064K [0x00000000f5a00000, 0x00000000f7580000, 0x0000000100000000)
   the space 28160K,  99% used [0x00000000f5a00000, 0x00000000f75683f0, 0x00000000f7568400, 0x00000000f7580000)
No shared spaces configured.

