# JRE version: OpenJDK Runtime Environment (7.0_65-b32) (build 1.7.0_65-b32)
# Java VM: OpenJDK 64-Bit Server VM (24.65-b04 mixed mode linux-amd64 compressed oops)
Heap
 def new generation   total 9728K, used 9425K [0x00000000cc000000, 0x00000000cca80000, 0x00000000d9e00000)
  eden space 8704K, 100% used [0x00000000cc000000, 0x00000000cc880000, 0x00000000cc880000)
  from space 1024K,  70% used [0x00000000cc880000, 0x00000000cc934430, 0x00000000cc980000)
  to   space 1024K,  47% used [0x00000000cc980000, 0x00000000cc9fa7b8, 0x00000000cca80000)
 tenured generation   total 21376K, used 21376K [0x00000000d9e00000, 0x00000000db2e0000, 0x00000000f5a00000)
   the space 21376K, 100% used [0x00000000d9e00000, 0x00000000db2e0000, 0x00000000db2e0000, 0x00000000db2e0000)
 compacting perm gen  total 26112K, used 25819K [0x00000000f5a00000, 0x00000000f7380000, 0x0000000100000000)
   the space 26112K,  98% used [0x00000000f5a00000, 0x00000000f7336db0, 0x00000000f7336e00, 0x00000000f7380000)
GC Heap History (10 events):
Event: 203892.350 GC heap after
Heap after GC invocations=4148 (full 101):
 def new generation   total 9728K, used 726K [0x00000000cc000000, 0x00000000cca80000, 0x00000000d9e00000)
  eden space 8704K,   0% used [0x00000000cc000000, 0x00000000cc000000, 0x00000000cc880000)
  from space 1024K,  70% used [0x00000000cc880000, 0x00000000cc9359e8, 0x00000000cc980000)
  to   space 1024K,   0% used [0x00000000cc980000, 0x00000000cc980000, 0x00000000cca80000)
 tenured generation   total 21376K, used 19806K [0x00000000d9e00000, 0x00000000db2e0000, 0x00000000f5a00000)
   the space 21376K,  92% used [0x00000000d9e00000, 0x00000000db157ab8, 0x00000000db157c00, 0x00000000db2e0000)
 compacting perm gen  total 26112K, used 25819K [0x00000000f5a00000, 0x00000000f7380000, 0x0000000100000000)
   the space 26112K,  98% used [0x00000000f5a00000, 0x00000000f7336db0, 0x00000000f7336e00, 0x00000000f7380000)
No shared spaces configured.
}
Event: 203942.455 GC heap before
{Heap before GC invocations=4148 (full 101):
 def new generation   total 9728K, used 9430K [0x00000000cc000000, 0x00000000cca80000, 0x00000000d9e00000)
  eden space 8704K, 100% used [0x00000000cc000000, 0x00000000cc880000, 0x00000000cc880000)
  from space 1024K,  70% used [0x00000000cc880000, 0x00000000cc9359e8, 0x00000000cc980000)
  to   space 1024K,   0% used [0x00000000cc980000, 0x00000000cc980000, 0x00000000cca80000)
 tenured generation   total 21376K, used 19806K [0x00000000d9e00000, 0x00000000db2e0000, 0x00000000f5a00000)
   the space 21376K,  92% used [0x00000000d9e00000, 0x00000000db157ab8, 0x00000000db157c00, 0x00000000db2e0000)
 compacting perm gen  total 26112K, used 25819K [0x00000000f5a00000, 0x00000000f7380000, 0x0000000100000000)
   the space 26112K,  98% used [0x00000000f5a00000, 0x00000000f7336db0, 0x00000000f7336e00, 0x00000000f7380000)
No shared spaces configured.
Event: 203942.501 GC heap after
Heap after GC invocations=4149 (full 101):
 def new generation   total 9728K, used 726K [0x00000000cc000000, 0x00000000cca80000, 0x00000000d9e00000)
  eden space 8704K,   0% used [0x00000000cc000000, 0x00000000cc000000, 0x00000000cc880000)
  from space 1024K,  70% used [0x00000000cc980000, 0x00000000cca35820, 0x00000000cca80000)
  to   space 1024K,   0% used [0x00000000cc880000, 0x00000000cc880000, 0x00000000cc980000)
 tenured generation   total 21376K, used 20145K [0x00000000d9e00000, 0x00000000db2e0000, 0x00000000f5a00000)
   the space 21376K,  94% used [0x00000000d9e00000, 0x00000000db1ac780, 0x00000000db1ac800, 0x00000000db2e0000)
 compacting perm gen  total 26112K, used 25819K [0x00000000f5a00000, 0x00000000f7380000, 0x0000000100000000)
   the space 26112K,  98% used [0x00000000f5a00000, 0x00000000f7336db0, 0x00000000f7336e00, 0x00000000f7380000)
No shared spaces configured.
}
Event: 203992.629 GC heap before
{Heap before GC invocations=4149 (full 101):
 def new generation   total 9728K, used 9430K [0x00000000cc000000, 0x00000000cca80000, 0x00000000d9e00000)
  eden space 8704K, 100% used [0x00000000cc000000, 0x00000000cc880000, 0x00000000cc880000)
  from space 1024K,  70% used [0x00000000cc980000, 0x00000000cca35820, 0x00000000cca80000)
  to   space 1024K,   0% used [0x00000000cc880000, 0x00000000cc880000, 0x00000000cc980000)
 tenured generation   total 21376K, used 20145K [0x00000000d9e00000, 0x00000000db2e0000, 0x00000000f5a00000)
   the space 21376K,  94% used [0x00000000d9e00000, 0x00000000db1ac780, 0x00000000db1ac800, 0x00000000db2e0000)
 compacting perm gen  total 26112K, used 25819K [0x00000000f5a00000, 0x00000000f7380000, 0x0000000100000000)
   the space 26112K,  98% used [0x00000000f5a00000, 0x00000000f7336db0, 0x00000000f7336e00, 0x00000000f7380000)
No shared spaces configured.
Event: 203992.664 GC heap after
Heap after GC invocations=4150 (full 101):
 def new generation   total 9728K, used 725K [0x00000000cc000000, 0x00000000cca80000, 0x00000000d9e00000)
  eden space 8704K,   0% used [0x00000000cc000000, 0x00000000cc000000, 0x00000000cc880000)
  from space 1024K,  70% used [0x00000000cc880000, 0x00000000cc9355e0, 0x00000000cc980000)
  to   space 1024K,   0% used [0x00000000cc980000, 0x00000000cc980000, 0x00000000cca80000)
 tenured generation   total 21376K, used 20482K [0x00000000d9e00000, 0x00000000db2e0000, 0x00000000f5a00000)
   the space 21376K,  95% used [0x00000000d9e00000, 0x00000000db200a48, 0x00000000db200c00, 0x00000000db2e0000)
 compacting perm gen  total 26112K, used 25819K [0x00000000f5a00000, 0x00000000f7380000, 0x0000000100000000)
   the space 26112K,  98% used [0x00000000f5a00000, 0x00000000f7336db0, 0x00000000f7336e00, 0x00000000f7380000)
No shared spaces configured.
}
Event: 204042.535 GC heap before
{Heap before GC invocations=4150 (full 101):
 def new generation   total 9728K, used 9429K [0x00000000cc000000, 0x00000000cca80000, 0x00000000d9e00000)
  eden space 8704K, 100% used [0x00000000cc000000, 0x00000000cc880000, 0x00000000cc880000)
  from space 1024K,  70% used [0x00000000cc880000, 0x00000000cc9355e0, 0x00000000cc980000)
  to   space 1024K,   0% used [0x00000000cc980000, 0x00000000cc980000, 0x00000000cca80000)
 tenured generation   total 21376K, used 20482K [0x00000000d9e00000, 0x00000000db2e0000, 0x00000000f5a00000)
   the space 21376K,  95% used [0x00000000d9e00000, 0x00000000db200a48, 0x00000000db200c00, 0x00000000db2e0000)
 compacting perm gen  total 26112K, used 25819K [0x00000000f5a00000, 0x00000000f7380000, 0x0000000100000000)
   the space 26112K,  98% used [0x00000000f5a00000, 0x00000000f7336db0, 0x00000000f7336e00, 0x00000000f7380000)
No shared spaces configured.
Event: 204042.573 GC heap after
Heap after GC invocations=4151 (full 101):
 def new generation   total 9728K, used 723K [0x00000000cc000000, 0x00000000cca80000, 0x00000000d9e00000)
  eden space 8704K,   0% used [0x00000000cc000000, 0x00000000cc000000, 0x00000000cc880000)
  from space 1024K,  70% used [0x00000000cc980000, 0x00000000cca34ff0, 0x00000000cca80000)
  to   space 1024K,   0% used [0x00000000cc880000, 0x00000000cc880000, 0x00000000cc980000)
 tenured generation   total 21376K, used 20820K [0x00000000d9e00000, 0x00000000db2e0000, 0x00000000f5a00000)
   the space 21376K,  97% used [0x00000000d9e00000, 0x00000000db255018, 0x00000000db255200, 0x00000000db2e0000)
 compacting perm gen  total 26112K, used 25819K [0x00000000f5a00000, 0x00000000f7380000, 0x0000000100000000)
   the space 26112K,  98% used [0x00000000f5a00000, 0x00000000f7336db0, 0x00000000f7336e00, 0x00000000f7380000)
No shared spaces configured.
}
Event: 204092.593 GC heap before
{Heap before GC invocations=4151 (full 101):
 def new generation   total 9728K, used 9427K [0x00000000cc000000, 0x00000000cca80000, 0x00000000d9e00000)
  eden space 8704K, 100% used [0x00000000cc000000, 0x00000000cc880000, 0x00000000cc880000)
  from space 1024K,  70% used [0x00000000cc980000, 0x00000000cca34ff0, 0x00000000cca80000)
  to   space 1024K,   0% used [0x00000000cc880000, 0x00000000cc880000, 0x00000000cc980000)
 tenured generation   total 21376K, used 20820K [0x00000000d9e00000, 0x00000000db2e0000, 0x00000000f5a00000)
   the space 21376K,  97% used [0x00000000d9e00000, 0x00000000db255018, 0x00000000db255200, 0x00000000db2e0000)
 compacting perm gen  total 26112K, used 25819K [0x00000000f5a00000, 0x00000000f7380000, 0x0000000100000000)
   the space 26112K,  98% used [0x00000000f5a00000, 0x00000000f7336db0, 0x00000000f7336e00, 0x00000000f7380000)
No shared spaces configured.
Event: 204092.631 GC heap after
Heap after GC invocations=4152 (full 101):
 def new generation   total 9728K, used 721K [0x00000000cc000000, 0x00000000cca80000, 0x00000000d9e00000)
  eden space 8704K,   0% used [0x00000000cc000000, 0x00000000cc000000, 0x00000000cc880000)
  from space 1024K,  70% used [0x00000000cc880000, 0x00000000cc934430, 0x00000000cc980000)
  to   space 1024K,   0% used [0x00000000cc980000, 0x00000000cc980000, 0x00000000cca80000)
 tenured generation   total 21376K, used 21157K [0x00000000d9e00000, 0x00000000db2e0000, 0x00000000f5a00000)
   the space 21376K,  98% used [0x00000000d9e00000, 0x00000000db2a9728, 0x00000000db2a9800, 0x00000000db2e0000)
 compacting perm gen  total 26112K, used 25819K [0x00000000f5a00000, 0x00000000f7380000, 0x0000000100000000)
   the space 26112K,  98% used [0x00000000f5a00000, 0x00000000f7336db0, 0x00000000f7336e00, 0x00000000f7380000)
No shared spaces configured.
}
Event: 204142.746 GC heap before
{Heap before GC invocations=4152 (full 101):
 def new generation   total 9728K, used 9425K [0x00000000cc000000, 0x00000000cca80000, 0x00000000d9e00000)
  eden space 8704K, 100% used [0x00000000cc000000, 0x00000000cc880000, 0x00000000cc880000)
  from space 1024K,  70% used [0x00000000cc880000, 0x00000000cc934430, 0x00000000cc980000)
  to   space 1024K,   0% used [0x00000000cc980000, 0x00000000cc980000, 0x00000000cca80000)
 tenured generation   total 21376K, used 21157K [0x00000000d9e00000, 0x00000000db2e0000, 0x00000000f5a00000)
   the space 21376K,  98% used [0x00000000d9e00000, 0x00000000db2a9728, 0x00000000db2a9800, 0x00000000db2e0000)
 compacting perm gen  total 26112K, used 25819K [0x00000000f5a00000, 0x00000000f7380000, 0x0000000100000000)
   the space 26112K,  98% used [0x00000000f5a00000, 0x00000000f7336db0, 0x00000000f7336e00, 0x00000000f7380000)
No shared spaces configured.

